{"level":"info","message":"POST /signup 201 154ms","meta":{},"timestamp":"2024-02-24T12:31:06.064Z"}
{"level":"info","message":"GET /users/me 401 8ms","meta":{},"timestamp":"2024-02-24T12:33:09.043Z"}
{"level":"info","message":"GET /signin 401 3ms","meta":{},"timestamp":"2024-02-24T12:34:47.371Z"}
{"level":"info","message":"POST /signin 200 139ms","meta":{},"timestamp":"2024-02-24T12:34:52.235Z"}
{"level":"info","message":"GET /users/me 401 2ms","meta":{},"timestamp":"2024-02-24T12:35:24.981Z"}
{"level":"info","message":"GET /users/me 401 2ms","meta":{},"timestamp":"2024-02-24T12:55:10.660Z"}
{"level":"info","message":"GET /signin 401 3ms","meta":{},"timestamp":"2024-02-24T12:58:38.880Z"}
{"level":"info","message":"GET /signin 401 2ms","meta":{},"timestamp":"2024-02-24T12:58:41.716Z"}
{"level":"info","message":"GET /signin 401 2ms","meta":{},"timestamp":"2024-02-24T12:58:52.242Z"}
{"level":"info","message":"POST /signin 200 110ms","meta":{},"timestamp":"2024-02-24T12:58:57.007Z"}
{"level":"info","message":"POST /users/me 404 5ms","meta":{},"timestamp":"2024-02-24T12:59:47.910Z"}
{"level":"info","message":"GET /users/me 500 5ms","meta":{},"timestamp":"2024-02-24T12:59:51.871Z"}
{"level":"info","message":"GET /users/me 200 10ms","meta":{},"timestamp":"2024-02-24T13:02:13.445Z"}
{"level":"info","message":"PATCH /users/me 500 22ms","meta":{},"timestamp":"2024-02-24T13:03:39.728Z"}
{"level":"info","message":"PATCH /users/me 500 5ms","meta":{},"timestamp":"2024-02-24T13:04:27.038Z"}
{"level":"info","message":"PATCH /users/me 200 60ms","meta":{},"timestamp":"2024-02-24T13:05:15.802Z"}
{"level":"info","message":"GET /users/me 200 3ms","meta":{},"timestamp":"2024-02-24T13:05:21.407Z"}
{"level":"info","message":"GET /users/me 200 2ms","meta":{},"timestamp":"2024-02-24T13:05:25.676Z"}
{"level":"info","message":"GET /users/me 200 1ms","meta":{},"timestamp":"2024-02-24T13:05:49.685Z"}
{"level":"info","message":"GET /users/me 200 5ms","meta":{},"timestamp":"2024-02-24T13:05:50.767Z"}
{"level":"info","message":"GET /users/me 200 1ms","meta":{},"timestamp":"2024-02-24T13:06:00.818Z"}
{"level":"info","message":"GET /users/me 200 1ms","meta":{},"timestamp":"2024-02-24T13:06:02.008Z"}
{"level":"info","message":"GET /users/me 200 2ms","meta":{},"timestamp":"2024-02-24T13:06:03.834Z"}
{"level":"info","message":"GET /users/me 200 2ms","meta":{},"timestamp":"2024-02-24T13:06:04.696Z"}
{"level":"info","message":"GET /users/me 200 1ms","meta":{},"timestamp":"2024-02-24T13:06:05.087Z"}
{"level":"info","message":"GET /users/me 200 1ms","meta":{},"timestamp":"2024-02-24T13:06:05.403Z"}
{"level":"info","message":"GET /users/me 200 1ms","meta":{},"timestamp":"2024-02-24T13:06:06.882Z"}
{"level":"info","message":"GET /users/me 200 2ms","meta":{},"timestamp":"2024-02-24T13:06:07.221Z"}
{"level":"info","message":"GET /users/me 200 1ms","meta":{},"timestamp":"2024-02-24T13:06:16.161Z"}
{"level":"info","message":"GET /users/me 200 1ms","meta":{},"timestamp":"2024-02-24T13:06:39.044Z"}
{"level":"info","message":"PATCH /users/me 200 13ms","meta":{},"timestamp":"2024-02-24T13:07:14.529Z"}
{"level":"info","message":"GET /users/me 200 2ms","meta":{},"timestamp":"2024-02-24T13:07:23.767Z"}
{"level":"info","message":"GET /users/me 200 9ms","meta":{},"timestamp":"2024-02-24T13:07:53.676Z"}
{"level":"info","message":"GET /users/me 200 7ms","meta":{},"timestamp":"2024-02-24T13:08:26.561Z"}
{"level":"info","message":"GET /users/me 200 3ms","meta":{},"timestamp":"2024-02-24T13:08:27.559Z"}
{"level":"info","message":"GET /users/me 200 2ms","meta":{},"timestamp":"2024-02-24T13:08:28.347Z"}
{"level":"info","message":"GET /users/me 200 8ms","meta":{},"timestamp":"2024-02-24T13:12:33.807Z"}
{"level":"info","message":"GET /users/me 200 9ms","meta":{},"timestamp":"2024-02-24T13:12:48.733Z"}
{"level":"info","message":"GET /users/me 200 2ms","meta":{},"timestamp":"2024-02-24T13:12:52.927Z"}
{"level":"info","message":"GET /users/me 200 2ms","meta":{},"timestamp":"2024-02-24T13:13:00.528Z"}
{"level":"info","message":"GET /users/me 401 8ms","meta":{},"timestamp":"2024-02-24T13:13:11.917Z"}
{"level":"info","message":"GET /users/me 200 2ms","meta":{},"timestamp":"2024-02-24T13:13:14.675Z"}
{"level":"info","message":"GET /users/me 200 13ms","meta":{},"timestamp":"2024-02-24T13:14:02.835Z"}
{"level":"info","message":"GET /users/me 200 3ms","meta":{},"timestamp":"2024-02-24T13:14:04.490Z"}
{"level":"info","message":"PATCH /users/me 200 55ms","meta":{},"timestamp":"2024-02-24T13:15:50.158Z"}
{"level":"info","message":"PATCH /users/me 200 11ms","meta":{},"timestamp":"2024-02-24T13:15:58.677Z"}
{"level":"info","message":"GET /users/me 200 2ms","meta":{},"timestamp":"2024-02-24T13:16:15.724Z"}
{"level":"info","message":"GET /users/me 200 15ms","meta":{},"timestamp":"2024-02-24T13:17:50.793Z"}
{"level":"info","message":"PATCH /users/me 200 43ms","meta":{},"timestamp":"2024-02-24T13:21:29.652Z"}
{"level":"info","message":"GET /users/me 200 7ms","meta":{},"timestamp":"2024-02-24T13:21:38.758Z"}
{"level":"info","message":"GET /users/me 200 5ms","meta":{},"timestamp":"2024-02-24T13:21:40.432Z"}
{"level":"info","message":"GET /signin 404 23ms","meta":{},"timestamp":"2024-02-24T13:22:17.457Z"}
{"level":"info","message":"GET /signin 404 6ms","meta":{},"timestamp":"2024-02-24T13:22:23.917Z"}
{"level":"info","message":"POST /signin 200 155ms","meta":{},"timestamp":"2024-02-24T13:23:02.989Z"}
{"level":"info","message":"GET /users/me 200 7ms","meta":{},"timestamp":"2024-02-24T13:23:29.608Z"}
{"level":"info","message":"GET /users/me 200 2ms","meta":{},"timestamp":"2024-02-24T13:23:32.617Z"}
{"level":"info","message":"PATCH /users/me 200 28ms","meta":{},"timestamp":"2024-02-24T13:23:44.503Z"}
{"level":"info","message":"GET /users/me 200 2ms","meta":{},"timestamp":"2024-02-24T13:23:49.955Z"}
{"level":"info","message":"GET /users/me 200 3ms","meta":{},"timestamp":"2024-02-24T13:23:51.436Z"}
{"level":"info","message":"GET /users/me 200 15ms","meta":{},"timestamp":"2024-02-24T13:24:16.921Z"}
{"level":"info","message":"PATCH /users/me 200 46ms","meta":{},"timestamp":"2024-02-24T13:24:23.703Z"}
{"level":"info","message":"GET /users/me 200 4ms","meta":{},"timestamp":"2024-02-24T13:24:33.178Z"}
{"level":"info","message":"GET /users/me 200 3ms","meta":{},"timestamp":"2024-02-24T13:24:34.980Z"}
{"level":"info","message":"GET /users/me 200 2ms","meta":{},"timestamp":"2024-02-24T13:24:35.461Z"}
{"level":"info","message":"PATCH /users/me 200 48ms","meta":{},"timestamp":"2024-02-24T13:26:38.568Z"}
{"level":"info","message":"GET /users/me 200 7ms","meta":{},"timestamp":"2024-02-24T13:26:50.595Z"}
{"level":"info","message":"POST /signin 200 146ms","meta":{},"timestamp":"2024-02-24T13:27:17.872Z"}
{"level":"info","message":"GET /users/me 200 2ms","meta":{},"timestamp":"2024-02-24T13:27:38.768Z"}
{"level":"info","message":"GET /users/me 401 12ms","meta":{},"timestamp":"2024-02-24T13:27:53.309Z"}
{"level":"info","message":"GET /users/me 200 2ms","meta":{},"timestamp":"2024-02-24T13:28:04.022Z"}
{"level":"info","message":"PATCH /users/me 200 58ms","meta":{},"timestamp":"2024-02-24T13:30:07.653Z"}
{"level":"info","message":"GET /users/me 200 8ms","meta":{},"timestamp":"2024-02-24T13:30:19.887Z"}
{"level":"info","message":"GET /users/me 200 3ms","meta":{},"timestamp":"2024-02-24T13:30:28.287Z"}
{"level":"info","message":"GET /users/me 200 4ms","meta":{},"timestamp":"2024-02-24T13:30:46.682Z"}
{"level":"info","message":"GET /users/me 200 3ms","meta":{},"timestamp":"2024-02-24T13:32:17.767Z"}
{"level":"info","message":"PATCH /users/me 200 14ms","meta":{},"timestamp":"2024-02-24T13:32:35.860Z"}
{"level":"info","message":"PATCH /users/me 401 9ms","meta":{},"timestamp":"2024-02-24T13:36:13.834Z"}
{"level":"info","message":"PATCH /users/me 401 3ms","meta":{},"timestamp":"2024-02-24T13:37:09.139Z"}
{"level":"info","message":"PATCH /users/me 401 5ms","meta":{},"timestamp":"2024-02-24T13:37:20.298Z"}
{"level":"info","message":"PATCH /users/me 401 2ms","meta":{},"timestamp":"2024-02-24T13:37:42.695Z"}
{"level":"info","message":"POST /signin 200 76ms","meta":{},"timestamp":"2024-02-24T14:32:29.022Z"}
{"level":"info","message":"POST /signin 200 63ms","meta":{},"timestamp":"2024-02-24T14:32:44.034Z"}
{"level":"info","message":"POST /signin 200 62ms","meta":{},"timestamp":"2024-02-24T14:33:29.017Z"}
{"level":"info","message":"GET /users/me 200 7ms","meta":{},"timestamp":"2024-02-24T14:33:29.034Z"}
{"level":"info","message":"POST /signin 200 61ms","meta":{},"timestamp":"2024-02-24T14:33:36.246Z"}
{"level":"info","message":"GET /users/me 304 2ms","meta":{},"timestamp":"2024-02-24T14:33:36.258Z"}
{"level":"info","message":"GET /users/me 304 2ms","meta":{},"timestamp":"2024-02-24T14:37:07.178Z"}
{"level":"info","message":"GET /users/me 304 3ms","meta":{},"timestamp":"2024-02-24T14:37:07.184Z"}
{"level":"info","message":"GET /users/me 304 3ms","meta":{},"timestamp":"2024-02-24T14:38:56.199Z"}
{"level":"info","message":"GET /users/me 304 2ms","meta":{},"timestamp":"2024-02-24T14:38:56.204Z"}
{"level":"info","message":"GET /users/me 304 1ms","meta":{},"timestamp":"2024-02-24T14:39:01.680Z"}
{"level":"info","message":"GET /users/me 304 3ms","meta":{},"timestamp":"2024-02-24T14:39:01.688Z"}
{"level":"info","message":"GET /users/me 304 2ms","meta":{},"timestamp":"2024-02-24T14:39:02.456Z"}
{"level":"info","message":"GET /users/me 304 1ms","meta":{},"timestamp":"2024-02-24T14:39:02.460Z"}
{"level":"info","message":"GET /users/me 304 3ms","meta":{},"timestamp":"2024-02-24T14:39:06.319Z"}
{"level":"info","message":"GET /users/me 304 2ms","meta":{},"timestamp":"2024-02-24T14:39:06.324Z"}
{"level":"info","message":"GET /users/me 304 4ms","meta":{},"timestamp":"2024-02-24T14:39:14.753Z"}
{"level":"info","message":"GET /users/me 304 4ms","meta":{},"timestamp":"2024-02-24T14:39:14.761Z"}
{"level":"info","message":"GET /users/me 304 2ms","meta":{},"timestamp":"2024-02-24T14:39:20.857Z"}
{"level":"info","message":"GET /users/me 304 2ms","meta":{},"timestamp":"2024-02-24T14:39:20.861Z"}
{"level":"info","message":"GET /users/me 304 1ms","meta":{},"timestamp":"2024-02-24T14:39:35.676Z"}
{"level":"info","message":"GET /users/me 304 3ms","meta":{},"timestamp":"2024-02-24T14:39:35.688Z"}
{"level":"info","message":"GET /users/me 304 1ms","meta":{},"timestamp":"2024-02-24T14:40:16.637Z"}
{"level":"info","message":"GET /users/me 304 1ms","meta":{},"timestamp":"2024-02-24T14:40:16.640Z"}
{"level":"info","message":"GET /users/me 304 2ms","meta":{},"timestamp":"2024-02-24T14:40:17.919Z"}
{"level":"info","message":"GET /users/me 304 2ms","meta":{},"timestamp":"2024-02-24T14:40:17.923Z"}
{"level":"info","message":"GET /users/me 304 2ms","meta":{},"timestamp":"2024-02-24T14:40:18.550Z"}
{"level":"info","message":"GET /users/me 304 2ms","meta":{},"timestamp":"2024-02-24T14:40:18.554Z"}
{"level":"info","message":"GET /users/me 304 2ms","meta":{},"timestamp":"2024-02-24T14:45:01.440Z"}
{"level":"info","message":"GET /users/me 304 2ms","meta":{},"timestamp":"2024-02-24T14:45:01.447Z"}
